----------------------------  DragonPlus  ----------------------------------
Retrieving for track A, type Multi, retriever_name dragonplus
Not Cuda, Using device: cuda
Not Cuda, Using device: cuda
Not Cuda, Using device: cuda
Not Cuda, Using device: cuda
Not Cuda, Using device: cuda
Not Cuda, Using device: cuda
Not Cuda, Using device: cuda
Not Cuda, Using device: cuda
Not Cuda, Using device: cuda
Not Cuda, Using device: cuda
Not Cuda, Using device: cuda
Not Cuda, Using device: cuda
Not Cuda, Using device: cuda
Not Cuda, Using device: cuda
Not Cuda, Using device: cuda
Not Cuda, Using device: cuda
Not Cuda, Using device: cuda
Not Cuda, Using device: cuda
Not Cuda, Using device: cuda
Not Cuda, Using device: cuda
Not Cuda, Using device: cuda
Not Cuda, Using device: cuda
Not Cuda, Using device: cuda
Not Cuda, Using device: cuda
Not Cuda, Using device: cuda
Not Cuda, Using device: cuda
Not Cuda, Using device: cuda
Not Cuda, Using device: cuda
Not Cuda, Using device: cuda
Not Cuda, Using device: cuda
Not Cuda, Using device: cuda
Not Cuda, Using device: cuda
Not Cuda, Using device: cuda
Not Cuda, Using device: cuda
Not Cuda, Using device: cuda
Not Cuda, Using device: cuda
Not Cuda, Using device: cuda
Not Cuda, Using device: cuda
Not Cuda, Using device: cuda
Not Cuda, Using device: cuda
Not Cuda, Using device: cuda
Not Cuda, Using device: cuda
Not Cuda, Using device: cuda
Not Cuda, Using device: cuda
Not Cuda, Using device: cuda
Not Cuda, Using device: cuda
Not Cuda, Using device: cuda
Not Cuda, Using device: cuda
Not Cuda, Using device: cuda
Not Cuda, Using device: cuda
ResuTehran0021189196.lts saved to ./Retrieval/Results/A_Multi_dragonplus_index.jsonl
Retrieving for track A, type Uni, retriever_name dragonplus
Not Cuda, Using device: cuda
Not Cuda, Using device: cuda
Not Cuda, Using device: cuda
Not Cuda, Using device: cuda
Not Cuda, Using device: cuda
Not Cuda, Using device: cuda
Not Cuda, Using device: cuda
Not Cuda, Using device: cuda
Not Cuda, Using device: cuda
Not Cuda, Using device: cuda
Not Cuda, Using device: cuda
Not Cuda, Using device: cuda
Not Cuda, Using device: cuda
Not Cuda, Using device: cuda
Not Cuda, Using device: cuda
Not Cuda, Using device: cuda
Not Cuda, Using device: cuda
Not Cuda, Using device: cuda
Not Cuda, Using device: cuda
Not Cuda, Using device: cuda
Not Cuda, Using device: cuda
Not Cuda, Using device: cuda
Not Cuda, Using device: cuda
Not Cuda, Using device: cuda
Not Cuda, Using device: cuda
Not Cuda, Using device: cuda
Not Cuda, Using device: cuda
Not Cuda, Using device: cuda
Not Cuda, Using device: cuda
Not Cuda, Using device: cuda
Not Cuda, Using device: cuda
Not Cuda, Using device: cuda
Not Cuda, Using device: cuda
Not Cuda, Using device: cuda
Not Cuda, Using device: cuda
Not Cuda, Using device: cuda
Not Cuda, Using device: cuda
Not Cuda, Using device: cuda
Not Cuda, Using device: cuda
Not Cuda, Using device: cuda
Not Cuda, Using device: cuda
Not Cuda, Using device: cuda
Not Cuda, Using device: cuda
Not Cuda, Using device: cuda
Not Cuda, Using device: cuda
Not Cuda, Using device: cuda
Not Cuda, Using device: cuda
Not Cuda, Using device: cuda
Not Cuda, Using device: cuda
Not Cuda, Using device: cuda
ResuTehran0021189196.lts saved to ./Retrieval/Results/A_Uni_dragonplus_index.jsonl
Retrieving for track T, type Multi, retriever_name dragonplus
Not Cuda, Using device: cuda
Not Cuda, Using device: cuda
Not Cuda, Using device: cuda
Not Cuda, Using device: cuda
Not Cuda, Using device: cuda
Not Cuda, Using device: cuda
Not Cuda, Using device: cuda
Not Cuda, Using device: cuda
Not Cuda, Using device: cuda
Not Cuda, Using device: cuda
Not Cuda, Using device: cuda
Not Cuda, Using device: cuda
Not Cuda, Using device: cuda
Not Cuda, Using device: cuda
Not Cuda, Using device: cuda
Not Cuda, Using device: cuda
Not Cuda, Using device: cuda
Not Cuda, Using device: cuda
Not Cuda, Using device: cuda
Not Cuda, Using device: cuda
Not Cuda, Using device: cuda
Not Cuda, Using device: cuda
Not Cuda, Using device: cuda
Not Cuda, Using device: cuda
Not Cuda, Using device: cuda
Not Cuda, Using device: cuda
Not Cuda, Using device: cuda
Not Cuda, Using device: cuda
Not Cuda, Using device: cuda
Not Cuda, Using device: cuda
Not Cuda, Using device: cuda
Not Cuda, Using device: cuda
Not Cuda, Using device: cuda
Not Cuda, Using device: cuda
Not Cuda, Using device: cuda
Not Cuda, Using device: cuda
Not Cuda, Using device: cuda
Not Cuda, Using device: cuda
Not Cuda, Using device: cuda
Not Cuda, Using device: cuda
Not Cuda, Using device: cuda
Not Cuda, Using device: cuda
Not Cuda, Using device: cuda
Not Cuda, Using device: cuda
Not Cuda, Using device: cuda
Not Cuda, Using device: cuda
Not Cuda, Using device: cuda
Not Cuda, Using device: cuda
Not Cuda, Using device: cuda
Not Cuda, Using device: cuda
ResuTehran0021189196.lts saved to ./Retrieval/Results/T_Multi_dragonplus_index.jsonl
Retrieving for track T, type Uni, retriever_name dragonplus
Not Cuda, Using device: cuda
Not Cuda, Using device: cuda
Not Cuda, Using device: cuda
Not Cuda, Using device: cuda
Not Cuda, Using device: cuda
Not Cuda, Using device: cuda
Not Cuda, Using device: cuda
Not Cuda, Using device: cuda
Not Cuda, Using device: cuda
Not Cuda, Using device: cuda
Not Cuda, Using device: cuda
Not Cuda, Using device: cuda
Not Cuda, Using device: cuda
Not Cuda, Using device: cuda
Not Cuda, Using device: cuda
Not Cuda, Using device: cuda
Not Cuda, Using device: cuda
Not Cuda, Using device: cuda
Not Cuda, Using device: cuda
Not Cuda, Using device: cuda
Not Cuda, Using device: cuda
Not Cuda, Using device: cuda
Not Cuda, Using device: cuda
Not Cuda, Using device: cuda
Not Cuda, Using device: cuda
Not Cuda, Using device: cuda
Not Cuda, Using device: cuda
Not Cuda, Using device: cuda
Not Cuda, Using device: cuda
Not Cuda, Using device: cuda
Not Cuda, Using device: cuda
Not Cuda, Using device: cuda
Not Cuda, Using device: cuda
Not Cuda, Using device: cuda
Not Cuda, Using device: cuda
Not Cuda, Using device: cuda
Not Cuda, Using device: cuda
Not Cuda, Using device: cuda
Not Cuda, Using device: cuda
Not Cuda, Using device: cuda
Not Cuda, Using device: cuda
Not Cuda, Using device: cuda
Not Cuda, Using device: cuda
Not Cuda, Using device: cuda
Not Cuda, Using device: cuda
Not Cuda, Using device: cuda
Not Cuda, Using device: cuda
Not Cuda, Using device: cuda
Not Cuda, Using device: cuda
Not Cuda, Using device: cuda
ResuTehran0021189196.lts saved to ./Retrieval/Results/T_Uni_dragonplus_index.jsonl
Retrieving for track S, type Multi, retriever_name dragonplus
Not Cuda, Using device: cuda
Not Cuda, Using device: cuda
Not Cuda, Using device: cuda
Not Cuda, Using device: cuda
Not Cuda, Using device: cuda
Not Cuda, Using device: cuda
Not Cuda, Using device: cuda
Not Cuda, Using device: cuda
Not Cuda, Using device: cuda
Not Cuda, Using device: cuda
Not Cuda, Using device: cuda
Not Cuda, Using device: cuda
Not Cuda, Using device: cuda
Not Cuda, Using device: cuda
Not Cuda, Using device: cuda
Not Cuda, Using device: cuda
Not Cuda, Using device: cuda
Not Cuda, Using device: cuda
Not Cuda, Using device: cuda
Not Cuda, Using device: cuda
Not Cuda, Using device: cuda
Not Cuda, Using device: cuda
Not Cuda, Using device: cuda
Not Cuda, Using device: cuda
Not Cuda, Using device: cuda
Not Cuda, Using device: cuda
Not Cuda, Using device: cuda
Not Cuda, Using device: cuda
Not Cuda, Using device: cuda
Not Cuda, Using device: cuda
Not Cuda, Using device: cuda
Not Cuda, Using device: cuda
Not Cuda, Using device: cuda
Not Cuda, Using device: cuda
Not Cuda, Using device: cuda
Not Cuda, Using device: cuda
Not Cuda, Using device: cuda
Not Cuda, Using device: cuda
Not Cuda, Using device: cuda
Not Cuda, Using device: cuda
Not Cuda, Using device: cuda
Not Cuda, Using device: cuda
Not Cuda, Using device: cuda
Not Cuda, Using device: cuda
Not Cuda, Using device: cuda
Not Cuda, Using device: cuda
Not Cuda, Using device: cuda
Not Cuda, Using device: cuda
Not Cuda, Using device: cuda
Not Cuda, Using device: cuda
ResuTehran0021189196.lts saved to ./Retrieval/Results/F_Multi_dragonplus_index.jsonl
Retrieving for track S, type Uni, retriever_name dragonplus
Not Cuda, Using device: cuda
Not Cuda, Using device: cuda
Not Cuda, Using device: cuda
Not Cuda, Using device: cuda
Not Cuda, Using device: cuda
Not Cuda, Using device: cuda
Not Cuda, Using device: cuda
Not Cuda, Using device: cuda
Not Cuda, Using device: cuda
Not Cuda, Using device: cuda
Not Cuda, Using device: cuda
Not Cuda, Using device: cuda
Not Cuda, Using device: cuda
Not Cuda, Using device: cuda
Not Cuda, Using device: cuda
Not Cuda, Using device: cuda
Not Cuda, Using device: cuda
Not Cuda, Using device: cuda
Not Cuda, Using device: cuda
Not Cuda, Using device: cuda
Not Cuda, Using device: cuda
Not Cuda, Using device: cuda
Not Cuda, Using device: cuda
Not Cuda, Using device: cuda
Not Cuda, Using device: cuda
Not Cuda, Using device: cuda
Not Cuda, Using device: cuda
Not Cuda, Using device: cuda
Not Cuda, Using device: cuda
Not Cuda, Using device: cuda
Not Cuda, Using device: cuda
Not Cuda, Using device: cuda
Not Cuda, Using device: cuda
Not Cuda, Using device: cuda
Not Cuda, Using device: cuda
Not Cuda, Using device: cuda
Not Cuda, Using device: cuda
Not Cuda, Using device: cuda
Not Cuda, Using device: cuda
Not Cuda, Using device: cuda
Not Cuda, Using device: cuda
Not Cuda, Using device: cuda
Not Cuda, Using device: cuda
Not Cuda, Using device: cuda
Not Cuda, Using device: cuda
Not Cuda, Using device: cuda
Not Cuda, Using device: cuda
Not Cuda, Using device: cuda
Not Cuda, Using device: cuda
Not Cuda, Using device: cuda
ResuTehran0021189196.lts saved to ./Retrieval/Results/F_Uni_dragonplus_index.jsonl
